<?xml version="1.0" encoding="UTF-8"?>
<!-- Generated by org.testng.reporters.JUnitXMLReporter -->
<testsuite ignored="0" hostname="LASID" failures="0" tests="4" name="Default test" time="71.924" errors="0" timestamp="2022-05-05T19:26:26 EDT">
  <testcase classname="LoginPageTest" name="testLogin" time="11.415"/>
  <testcase classname="LoginPageTest" name="testLogin" time="11.393"/>
  <testcase classname="LoginPageTest" name="verifyActitimeLogo" time="0.144"/>
  <testcase classname="LoginPageTest" name="verifyActitimeTitle" time="0.008"/>
</testsuite> <!-- Default test -->
