<?xml version="1.0" encoding="UTF-8"?>
<testng-results ignored="0" total="4" passed="4" failed="0" skipped="0">
  <reporter-output>
  </reporter-output>
  <suite started-at="2022-05-05T19:25:14 EDT" name="Default suite" finished-at="2022-05-05T19:26:26 EDT" duration-ms="71924">
    <groups>
    </groups>
    <test started-at="2022-05-05T19:25:14 EDT" name="Default test" finished-at="2022-05-05T19:26:26 EDT" duration-ms="71924">
      <class name="LoginPageTest">
        <test-method is-config="true" signature="setup()[pri:0, instance:LoginPageTest@44ebcd03]" started-at="2022-05-05T19:25:15 EDT" name="setup" finished-at="2022-05-05T19:25:27 EDT" duration-ms="12013" status="PASS">
          <reporter-output>
          </reporter-output>
        </test-method> <!-- setup -->
        <test-method signature="testLogin(java.lang.String,java.lang.String)[pri:1, instance:LoginPageTest@44ebcd03]" started-at="2022-05-05T19:25:27 EDT" name="testLogin" data-provider="ActiData" finished-at="2022-05-05T19:25:39 EDT" duration-ms="11415" status="PASS">
          <params>
            <param index="0">
              <value>
                <![CDATA[admin]]>
              </value>
            </param>
            <param index="1">
              <value>
                <![CDATA[manager]]>
              </value>
            </param>
          </params>
          <reporter-output>
          </reporter-output>
        </test-method> <!-- testLogin -->
        <test-method is-config="true" signature="TearDown()[pri:0, instance:LoginPageTest@44ebcd03]" started-at="2022-05-05T19:25:39 EDT" name="TearDown" finished-at="2022-05-05T19:25:39 EDT" duration-ms="389" status="PASS">
          <reporter-output>
          </reporter-output>
        </test-method> <!-- TearDown -->
        <test-method is-config="true" signature="setup()[pri:0, instance:LoginPageTest@44ebcd03]" started-at="2022-05-05T19:25:39 EDT" name="setup" finished-at="2022-05-05T19:25:51 EDT" duration-ms="11838" status="PASS">
          <reporter-output>
          </reporter-output>
        </test-method> <!-- setup -->
        <test-method signature="testLogin(java.lang.String,java.lang.String)[pri:1, instance:LoginPageTest@44ebcd03]" started-at="2022-05-05T19:25:51 EDT" name="testLogin" data-provider="ActiData" finished-at="2022-05-05T19:26:02 EDT" duration-ms="11393" status="PASS">
          <params>
            <param index="0">
              <value>
                <![CDATA[trainee]]>
              </value>
            </param>
            <param index="1">
              <value>
                <![CDATA[trainee]]>
              </value>
            </param>
          </params>
          <reporter-output>
          </reporter-output>
        </test-method> <!-- testLogin -->
        <test-method is-config="true" signature="TearDown()[pri:0, instance:LoginPageTest@44ebcd03]" started-at="2022-05-05T19:26:02 EDT" name="TearDown" finished-at="2022-05-05T19:26:03 EDT" duration-ms="297" status="PASS">
          <reporter-output>
          </reporter-output>
        </test-method> <!-- TearDown -->
        <test-method is-config="true" signature="setup()[pri:0, instance:LoginPageTest@44ebcd03]" started-at="2022-05-05T19:26:03 EDT" name="setup" finished-at="2022-05-05T19:26:14 EDT" duration-ms="11332" status="PASS">
          <reporter-output>
          </reporter-output>
        </test-method> <!-- setup -->
        <test-method signature="verifyActitimeLogo()[pri:2, instance:LoginPageTest@44ebcd03]" started-at="2022-05-05T19:26:14 EDT" name="verifyActitimeLogo" finished-at="2022-05-05T19:26:14 EDT" duration-ms="144" status="PASS">
          <reporter-output>
          </reporter-output>
        </test-method> <!-- verifyActitimeLogo -->
        <test-method is-config="true" signature="TearDown()[pri:0, instance:LoginPageTest@44ebcd03]" started-at="2022-05-05T19:26:14 EDT" name="TearDown" finished-at="2022-05-05T19:26:15 EDT" duration-ms="681" status="PASS">
          <reporter-output>
          </reporter-output>
        </test-method> <!-- TearDown -->
        <test-method is-config="true" signature="setup()[pri:0, instance:LoginPageTest@44ebcd03]" started-at="2022-05-05T19:26:15 EDT" name="setup" finished-at="2022-05-05T19:26:26 EDT" duration-ms="10815" status="PASS">
          <reporter-output>
          </reporter-output>
        </test-method> <!-- setup -->
        <test-method signature="verifyActitimeTitle()[pri:3, instance:LoginPageTest@44ebcd03]" started-at="2022-05-05T19:26:26 EDT" name="verifyActitimeTitle" finished-at="2022-05-05T19:26:26 EDT" duration-ms="8" status="PASS">
          <reporter-output>
          </reporter-output>
        </test-method> <!-- verifyActitimeTitle -->
        <test-method is-config="true" signature="TearDown()[pri:0, instance:LoginPageTest@44ebcd03]" started-at="2022-05-05T19:26:26 EDT" name="TearDown" finished-at="2022-05-05T19:26:26 EDT" duration-ms="436" status="PASS">
          <reporter-output>
          </reporter-output>
        </test-method> <!-- TearDown -->
      </class> <!-- LoginPageTest -->
    </test> <!-- Default test -->
  </suite> <!-- Default suite -->
</testng-results>
